[debug] [2018-06-26T09:55:18.595Z] ----------------------------------------------------------------------
[debug] [2018-06-26T09:55:18.599Z] Command:       C:\Program Files\nodejs\node.exe C:\Users\Cambiata\AppData\Roaming\npm\node_modules\firebase-tools\bin\firebase serve --only functions,hosting
[debug] [2018-06-26T09:55:18.600Z] CLI Version:   3.19.0
[debug] [2018-06-26T09:55:18.600Z] Platform:      win32
[debug] [2018-06-26T09:55:18.600Z] Node Version:  v9.4.0
[debug] [2018-06-26T09:55:18.601Z] Time:          Tue Jun 26 2018 11:55:18 GMT+0200 (W. Europe Daylight Time)
[debug] [2018-06-26T09:55:18.601Z] ----------------------------------------------------------------------
[debug] 
[debug] [2018-06-26T09:55:18.619Z] > command requires scopes: ["email","openid","https://www.googleapis.com/auth/cloudplatformprojects.readonly","https://www.googleapis.com/auth/firebase","https://www.googleapis.com/auth/cloud-platform"]
[debug] [2018-06-26T09:55:18.620Z] > authorizing via signed-in user
[debug] [2018-06-26T09:55:18.624Z] >>> HTTP REQUEST GET https://admin.firebase.com/v1/projects/fb-stack  
  
 Tue Jun 26 2018 11:55:18 GMT+0200 (W. Europe Daylight Time)
[debug] [2018-06-26T09:55:19.453Z] <<< HTTP RESPONSE 200
[debug] [2018-06-26T09:55:19.454Z] >>> HTTP REQUEST GET https://admin.firebase.com/v1/database/fb-stack/tokens  
  
 Tue Jun 26 2018 11:55:19 GMT+0200 (W. Europe Daylight Time)
[debug] [2018-06-26T09:55:20.186Z] <<< HTTP RESPONSE 200
[debug] [2018-06-26T09:55:20.187Z] >>> HTTP REQUEST GET https://cloudresourcemanager.googleapis.com/v1/projects/fb-stack  
  
 Tue Jun 26 2018 11:55:20 GMT+0200 (W. Europe Daylight Time)
[debug] [2018-06-26T09:55:21.064Z] <<< HTTP RESPONSE 200
[info] 
[info] === Serving from 'C:\Users\Cambiata\Dropbox\_dev\fb-stack'...
[info] 
[info] i  functions: Preparing to emulate functions.
[debug] [2018-06-26T09:55:22.111Z] Fetching environment
[debug] [2018-06-26T09:55:22.114Z] >>> HTTP REQUEST GET https://mobilesdk-pa.googleapis.com/v1/projects/665827748546:getServerAppConfig  
  
 Tue Jun 26 2018 11:55:22 GMT+0200 (W. Europe Daylight Time)
[debug] [2018-06-26T09:55:22.115Z] >>> HTTP REQUEST GET https://mobilesdk-pa.googleapis.com/v1/projects/665827748546/clients/_:getWebAppConfig  
  
 Tue Jun 26 2018 11:55:22 GMT+0200 (W. Europe Daylight Time)
[debug] [2018-06-26T09:55:22.674Z] <<< HTTP RESPONSE 200
[debug] [2018-06-26T09:55:22.700Z] <<< HTTP RESPONSE 200
[debug] [2018-06-26T09:55:22.701Z] Starting @google-cloud/functions-emulator
[info] i  hosting: Serving hosting files from: public
[info] +  hosting: Local server: http://localhost:5000

[info] [hosting] Rewriting /timestamp to local function app
[debug] [2018-06-26T09:55:25.746Z] Parsing function triggers
[info] +  functions: helloWorld: http://localhost:5001/fb-stack/us-central1/helloWorld
[info] +  functions: app: http://localhost:5001/fb-stack/us-central1/app
[info] [hosting] Rewriting /timestamp to local function app
